<?xml version="1.0" encoding="UTF-8" ?>
<testsuite errors="0" failures="0" hostname="Tim-PC" name="com.example.OpdrachtC.ProgramTest" tests="2" time="0.049" timestamp="2014-02-04T15:31:57">
  <properties>
    <property name="java.vendor" value="Oracle Corporation" />
    <property name="env.USERDOMAIN_ROAMINGPROFILE" value="TIM-PC" />
    <property name="sun.java.launcher" value="SUN_STANDARD" />
    <property name="eclipse.pdebuild.templates" value="/D:/eclipse/plugins/org.eclipse.pde.build_3.8.100.v20130514-1028/templates/" />
    <property name="sun.management.compiler" value="HotSpot 64-Bit Tiered Compilers" />
    <property name="env.PROMPT" value="$P$G" />
    <property name="os.name" value="Windows 8" />
    <property name="env.FP_NO_HOST_CHECK" value="NO" />
    <property name="sun.boot.class.path" value="C:\Program Files\Java\jre7\lib\resources.jar;C:\Program Files\Java\jre7\lib\rt.jar;C:\Program Files\Java\jre7\lib\sunrsasign.jar;C:\Program Files\Java\jre7\lib\jsse.jar;C:\Program Files\Java\jre7\lib\jce.jar;C:\Program Files\Java\jre7\lib\charsets.jar;C:\Program Files\Java\jre7\lib\jfr.jar;C:\Program Files\Java\jre7\classes" />
    <property name="env.XNAGSShared" value="C:\Program Files (x86)\Common Files\Microsoft Shared\XNA\" />
    <property name="env.COMPUTERNAME" value="TIM-PC" />
    <property name="env.CommonProgramW6432" value="C:\Program Files\Common Files" />
    <property name="env.ALLUSERSPROFILE" value="C:\ProgramData" />
    <property name="sun.desktop" value="windows" />
    <property name="java.vm.specification.vendor" value="Oracle Corporation" />
    <property name="ant.home" value="D:\eclipse\plugins\org.apache.ant_1.8.4.v201303080030" />
    <property name="java.runtime.version" value="1.7.0_45-b18" />
    <property name="env.HOMEPATH" value="\Users\Tim" />
    <property name="user.name" value="Tim" />
    <property name="user.language" value="nl" />
    <property name="sun.boot.library.path" value="C:\Program Files\Java\jre7\bin" />
    <property name="ant.project.default-target" value="build" />
    <property name="ant.project.name" value="OpdrachtC" />
    <property name="java.version" value="1.7.0_45" />
    <property name="env.PROCESSOR_IDENTIFIER" value="Intel64 Family 6 Model 58 Stepping 9, GenuineIntel" />
    <property name="user.timezone" value="" />
    <property name="env.TEMP" value="C:\Users\Tim\AppData\Local\Temp" />
    <property name="sun.arch.data.model" value="64" />
    <property name="java.endorsed.dirs" value="C:\Program Files\Java\jre7\lib\endorsed" />
    <property name="sun.cpu.isalist" value="amd64" />
    <property name="env.HOMEDRIVE" value="C:" />
    <property name="sun.jnu.encoding" value="Cp1252" />
    <property name="file.encoding.pkg" value="sun.io" />
    <property name="env.VS110COMNTOOLS" value="C:\Program Files (x86)\Microsoft Visual Studio 11.0\Common7\Tools\" />
    <property name="ECLIPSE_HOME" value="../../" />
    <property name="file.separator" value="\" />
    <property name="java.specification.name" value="Java Platform API Specification" />
    <property name="ant.file.OpdrachtC" value="D:\eclipse\Workspace\OpdrachtC\build.xml" />
    <property name="java.class.version" value="51.0" />
    <property name="user.country" value="NL" />
    <property name="java.home" value="C:\Program Files\Java\jre7" />
    <property name="env.PSModulePath" value="C:\WINDOWS\system32\WindowsPowerShell\v1.0\Modules\" />
    <property name="env.APPDATA" value="C:\Users\Tim\AppData\Roaming" />
    <property name="env.PUBLIC" value="C:\Users\Public" />
    <property name="java.vm.info" value="mixed mode" />
    <property name="env.ComSpec" value="C:\WINDOWS\system32\cmd.exe" />
    <property name="env.OS" value="Windows_NT" />
    <property name="env.CommonProgramFiles" value="C:\Program Files\Common Files" />
    <property name="ant.file" value="D:\eclipse\Workspace\OpdrachtC\build.xml" />
    <property name="os.version" value="6.2" />
    <property name="env.ProgramW6432" value="C:\Program Files" />
    <property name="path.separator" value=";" />
    <property name="java.vm.version" value="24.45-b08" />
    <property name="user.variant" value="" />
    <property name="env.USERPROFILE" value="C:\Users\Tim" />
    <property name="ant.library.dir" value="D:\eclipse\plugins\org.apache.ant_1.8.4.v201303080030\lib" />
    <property name="junit.output.dir" value="junit" />
    <property name="env.JAVA_HOME" value="C:\Program Files\Java\jdk1.7.0_45" />
    <property name="java.awt.printerjob" value="sun.awt.windows.WPrinterJob" />
    <property name="env.TMP" value="C:\Users\Tim\AppData\Local\Temp" />
    <property name="sun.io.unicode.encoding" value="UnicodeLittle" />
    <property name="awt.toolkit" value="sun.awt.windows.WToolkit" />
    <property name="user.script" value="" />
    <property name="ant.file.type.OpdrachtC" value="file" />
    <property name="eclipse.pdebuild.scripts" value="/D:/eclipse/plugins/org.eclipse.pde.build_3.8.100.v20130514-1028/scripts/" />
    <property name="user.home" value="C:\Users\Tim" />
    <property name="target" value="1.5" />
    <property name="env.ProgramData" value="C:\ProgramData" />
    <property name="env.SESSIONNAME" value="Console" />
    <property name="env.ProgramFiles(x86)" value="C:\Program Files (x86)" />
    <property name="java.specification.vendor" value="Oracle Corporation" />
    <property name="env.M2_HOME" value="C:\Program Files (x86)\apache-maven-3.1.1" />
    <property name="java.library.path" value="C:\Program Files\Java\jre7\bin;C:\WINDOWS\Sun\Java\bin;C:\WINDOWS\system32;C:\WINDOWS;C:\Program Files (x86)\NVIDIA Corporation\PhysX\Common;C:\WINDOWS\system32;C:\WINDOWS;C:\WINDOWS\System32\Wbem;C:\WINDOWS\System32\WindowsPowerShell\v1.0\;C:\Program Files (x86)\Windows Kits\8.1\Windows Performance Toolkit\;C:\Program Files\Microsoft SQL Server\110\Tools\Binn\;C:\Program Files (x86)\Microsoft SQL Server\100\Tools\Binn\VSShell\Common7\IDE\;C:\Program Files (x86)\Microsoft SQL Server\100\Tools\Binn\;C:\Program Files\Microsoft SQL Server\100\Tools\Binn\;C:\Program Files (x86)\Microsoft SQL Server\100\DTS\Binn\;C:\Program Files (x86)\apache-maven-3.1.1\bin;C:\Program Files\Java\jdk1.7.0_45\bin;." />
    <property name="env.NUMBER_OF_PROCESSORS" value="8" />
    <property name="java.vendor.url" value="http://java.oracle.com/" />
    <property name="java.vm.vendor" value="Oracle Corporation" />
    <property name="java.runtime.name" value="Java(TM) SE Runtime Environment" />
    <property name="ant.version" value="Apache Ant(TM) version 1.8.4 compiled on May 22 2012" />
    <property name="sun.java.command" value="org.apache.tools.ant.taskdefs.optional.junit.JUnitTestRunner com.example.OpdrachtC.ProgramTest filtertrace=true haltOnError=false haltOnFailure=false formatter=org.apache.tools.ant.taskdefs.optional.junit.OutErrSummaryJUnitResultFormatter showoutput=false outputtoformatters=true logfailedtests=true logtestlistenerevents=false formatter=org.apache.tools.ant.taskdefs.optional.junit.XMLJUnitResultFormatter,D:\eclipse\Workspace\OpdrachtC\junit\TEST-com.example.OpdrachtC.ProgramTest.xml crashfile=D:\eclipse\Workspace\OpdrachtC\junitvmwatcher1280061224146700962.properties propsfile=D:\eclipse\Workspace\OpdrachtC\junit5221315885361573299.properties" />
    <property name="java.class.path" value="D:\eclipse\Workspace\OpdrachtC\target\classes;D:\eclipse\Workspace\OpdrachtC\target\test-classes;D:\eclipse\plugins\org.junit_4.11.0.v201303080030\junit.jar;D:\eclipse\plugins\org.hamcrest.core_1.3.0.v201303031735.jar;D:\eclipse\plugins\org.apache.ant_1.8.4.v201303080030\lib\ant-launcher.jar;D:\eclipse\plugins\org.apache.ant_1.8.4.v201303080030\lib\ant.jar;D:\eclipse\plugins\org.apache.ant_1.8.4.v201303080030\lib\ant-junit.jar;D:\eclipse\plugins\org.apache.ant_1.8.4.v201303080030\lib\ant-junit4.jar" />
    <property name="java.vm.specification.name" value="Java Virtual Machine Specification" />
    <property name="env.LOGONSERVER" value="\\MicrosoftAccount" />
    <property name="env.windir" value="C:\WINDOWS" />
    <property name="java.vm.specification.version" value="1.7" />
    <property name="env.PROCESSOR_ARCHITECTURE" value="AMD64" />
    <property name="sun.os.patch.level" value="" />
    <property name="sun.cpu.endian" value="little" />
    <property name="debuglevel" value="source,lines,vars" />
    <property name="env.ProgramFiles" value="C:\Program Files" />
    <property name="env.ANT_HOME" value="D:\eclipse\plugins\org.apache.ant_1.8.4.v201303080030" />
    <property name="env.PROCESSOR_REVISION" value="3a09" />
    <property name="eclipse.pdebuild.home" value="/D:/eclipse/plugins/org.eclipse.pde.build_3.8.100.v20130514-1028/./" />
    <property name="java.io.tmpdir" value="C:\Users\Tim\AppData\Local\Temp\" />
    <property name="env.CommonProgramFiles(x86)" value="C:\Program Files (x86)\Common Files" />
    <property name="env.VS120COMNTOOLS" value="C:\Program Files (x86)\Microsoft Visual Studio 12.0\Common7\Tools\" />
    <property name="java.vendor.url.bug" value="http://bugreport.sun.com/bugreport/" />
    <property name="env.SystemRoot" value="C:\WINDOWS" />
    <property name="java.awt.graphicsenv" value="sun.awt.Win32GraphicsEnvironment" />
    <property name="os.arch" value="amd64" />
    <property name="java.ext.dirs" value="C:\Program Files\Java\jre7\lib\ext;C:\WINDOWS\Sun\Java\lib\ext" />
    <property name="env.LOCALAPPDATA" value="C:\Users\Tim\AppData\Local" />
    <property name="user.dir" value="D:\eclipse\Workspace\OpdrachtC" />
    <property name="line.separator" value="&#xd;&#xa;" />
    <property name="java.vm.name" value="Java HotSpot(TM) 64-Bit Server VM" />
    <property name="env.PATHEXT" value=".COM;.EXE;.BAT;.CMD;.VBS;.VBE;.JS;.JSE;.WSF;.WSH;.MSC" />
    <property name="env.Path" value="C:\Program Files (x86)\NVIDIA Corporation\PhysX\Common;C:\WINDOWS\system32;C:\WINDOWS;C:\WINDOWS\System32\Wbem;C:\WINDOWS\System32\WindowsPowerShell\v1.0\;C:\Program Files (x86)\Windows Kits\8.1\Windows Performance Toolkit\;C:\Program Files\Microsoft SQL Server\110\Tools\Binn\;C:\Program Files (x86)\Microsoft SQL Server\100\Tools\Binn\VSShell\Common7\IDE\;C:\Program Files (x86)\Microsoft SQL Server\100\Tools\Binn\;C:\Program Files\Microsoft SQL Server\100\Tools\Binn\;C:\Program Files (x86)\Microsoft SQL Server\100\DTS\Binn\;C:\Program Files (x86)\apache-maven-3.1.1\bin;C:\Program Files\Java\jdk1.7.0_45\bin" />
    <property name="basedir" value="D:\eclipse\Workspace\OpdrachtC" />
    <property name="ant.java.version" value="1.7" />
    <property name="ant.core.lib" value="D:\eclipse\plugins\org.apache.ant_1.8.4.v201303080030\lib\ant.jar" />
    <property name="env.M2" value="C:\Program Files (x86)\apache-maven-3.1.1\bin" />
    <property name="env.USERNAME" value="Tim" />
    <property name="source" value="1.5" />
    <property name="env.SystemDrive" value="C:" />
    <property name="file.encoding" value="Cp1252" />
    <property name="env.USERDOMAIN" value="TIM-PC" />
    <property name="java.specification.version" value="1.7" />
    <property name="ant.project.invoked-targets" value="build,ProgramTest" />
    <property name="env.PROCESSOR_LEVEL" value="6" />
  </properties>
  <testcase classname="com.example.OpdrachtC.ProgramTest" name="calculate" time="0.001" />
  <testcase classname="com.example.OpdrachtC.ProgramTest" name="PrintLineTest" time="0.0" />
  <system-out><![CDATA[]]></system-out>
  <system-err><![CDATA[]]></system-err>
</testsuite>
